{
  "RSpec": {
    "coverage": {
      "/Users/paulr/Projects/bank_tech/spec/units/account_spec.rb": {
        "lines": [
          null,
          null,
          1,
          null,
          1,
          2,
          1,
          1,
          1,
          null,
          null,
          null,
          1,
          1,
          1,
          1,
          null,
          null,
          1,
          1,
          1,
          null,
          null,
          null,
          1,
          1,
          1,
          1,
          1,
          null,
          null,
          1,
          1,
          1,
          1,
          null,
          null,
          1,
          1,
          null,
          null,
          null,
          1,
          1,
          1,
          1,
          null,
          null,
          null,
          1,
          1,
          1,
          1,
          1,
          null,
          null,
          null,
          null
        ]
      },
      "/Users/paulr/Projects/bank_tech/lib/account.rb": {
        "lines": [
          null,
          null,
          1,
          null,
          1,
          1,
          null,
          1,
          8,
          8,
          null,
          null,
          1,
          7,
          7,
          7,
          7,
          7,
          null,
          null,
          1,
          5,
          4,
          4,
          4,
          4,
          4,
          null,
          null,
          1,
          11,
          11,
          null,
          null,
          1,
          11,
          null,
          null
        ]
      },
      "/Users/paulr/Projects/bank_tech/lib/statement.rb": {
        "lines": [
          null,
          null,
          1,
          1,
          3,
          null,
          null,
          1,
          3,
          null,
          null
        ]
      },
      "/Users/paulr/Projects/bank_tech/spec/units/statement_spec.rb": {
        "lines": [
          null,
          null,
          1,
          1,
          1,
          1,
          1,
          1,
          null,
          null,
          null,
          1,
          1,
          1,
          1,
          null,
          null,
          1,
          1,
          null,
          1,
          1,
          null,
          null
        ]
      }
    },
    "timestamp": 1632933652
  }
}
